[20Jun2024 06:00:57.238] [main/INFO] [cpw.mods.modlauncher.Launcher/MODLAUNCHER]: ModLauncher running: args [--launchTarget, forgeserver, --fml.forgeVersion, 40.2.0, --fml.mcVersion, 1.18.2, --fml.forgeGroup, net.minecraftforge, --fml.mcpVersion, 20220404.173914]
[20Jun2024 06:00:57.242] [main/INFO] [cpw.mods.modlauncher.Launcher/MODLAUNCHER]: ModLauncher 9.1.3+9.1.3+main.9b69c82a starting: java version 21.0.3 by Microsoft
[20Jun2024 06:00:57.274] [main/DEBUG] [cpw.mods.modlauncher.LaunchServiceHandler/MODLAUNCHER]: Found launch services [fmlclientdev,forgeclient,minecraft,forgegametestserverdev,fmlserveruserdev,fmlclient,fmldatauserdev,forgeserverdev,forgeserveruserdev,forgeclientdev,forgeclientuserdev,forgeserver,forgedatadev,fmlserver,fmlclientuserdev,fmlserverdev,forgedatauserdev,testharness,forgegametestserveruserdev]
[20Jun2024 06:00:57.308] [main/DEBUG] [cpw.mods.modlauncher.NameMappingServiceHandler/MODLAUNCHER]: Found naming services : [srgtomcp]
[20Jun2024 06:00:57.333] [main/DEBUG] [cpw.mods.modlauncher.LaunchPluginHandler/MODLAUNCHER]: Found launch plugins: [mixin,eventbus,slf4jfixer,object_holder_definalize,runtime_enum_extender,capability_token_subclass,accesstransformer,runtimedistcleaner]
[20Jun2024 06:00:57.367] [main/DEBUG] [cpw.mods.modlauncher.TransformationServicesHandler/MODLAUNCHER]: Discovering transformation services
[20Jun2024 06:00:57.385] [main/DEBUG] [cpw.mods.modlauncher.TransformationServicesHandler/MODLAUNCHER]: Found additional transformation services from discovery services: java.util.stream.ReferencePipeline$3@23fb172e
[20Jun2024 06:00:57.396] [main/DEBUG] [cpw.mods.modlauncher.TransformationServicesHandler/MODLAUNCHER]: Found transformer services : [mixin,fml]
[20Jun2024 06:00:57.397] [main/DEBUG] [cpw.mods.modlauncher.TransformationServicesHandler/MODLAUNCHER]: Transformation services loading
[20Jun2024 06:00:57.397] [main/DEBUG] [cpw.mods.modlauncher.TransformationServiceDecorator/MODLAUNCHER]: Loading service mixin
[20Jun2024 06:00:57.397] [main/DEBUG] [cpw.mods.modlauncher.TransformationServiceDecorator/MODLAUNCHER]: Loaded service mixin
[20Jun2024 06:00:57.398] [main/DEBUG] [cpw.mods.modlauncher.TransformationServiceDecorator/MODLAUNCHER]: Loading service fml
[20Jun2024 06:00:57.399] [main/DEBUG] [net.minecraftforge.fml.loading.LauncherVersion/CORE]: Found FMLLauncher version 1.0
[20Jun2024 06:00:57.400] [main/DEBUG] [net.minecraftforge.fml.loading.FMLLoader/CORE]: FML 1.0 loading
[20Jun2024 06:00:57.400] [main/DEBUG] [net.minecraftforge.fml.loading.FMLLoader/CORE]: FML found ModLauncher version : 9.1.3+9.1.3+main.9b69c82a
[20Jun2024 06:00:57.400] [main/DEBUG] [net.minecraftforge.fml.loading.FMLLoader/CORE]: FML found AccessTransformer version : 8.0.4+66+master.c09db6d7
[20Jun2024 06:00:57.403] [main/DEBUG] [net.minecraftforge.fml.loading.FMLLoader/CORE]: FML found EventBus version : 5.0.3+70+master.d7d405b
[20Jun2024 06:00:57.404] [main/DEBUG] [net.minecraftforge.fml.loading.FMLLoader/CORE]: Found Runtime Dist Cleaner
[20Jun2024 06:00:57.406] [main/DEBUG] [net.minecraftforge.fml.loading.FMLLoader/CORE]: FML found CoreMod version : 5.0.1+15+master.dc5a2922
[20Jun2024 06:00:57.407] [main/DEBUG] [net.minecraftforge.fml.loading.FMLLoader/CORE]: Found ForgeSPI package implementation version 4.0.15-4.x+4.0.15-4.x+4.x.038e91c0
[20Jun2024 06:00:57.407] [main/DEBUG] [net.minecraftforge.fml.loading.FMLLoader/CORE]: Found ForgeSPI package specification 4
[20Jun2024 06:00:57.409] [main/DEBUG] [cpw.mods.modlauncher.TransformationServiceDecorator/MODLAUNCHER]: Loaded service fml
[20Jun2024 06:00:57.410] [main/DEBUG] [cpw.mods.modlauncher.TransformationServicesHandler/MODLAUNCHER]: Configuring option handling for services
[20Jun2024 06:00:57.421] [main/DEBUG] [cpw.mods.modlauncher.TransformationServicesHandler/MODLAUNCHER]: Transformation services initializing
[20Jun2024 06:00:57.422] [main/DEBUG] [cpw.mods.modlauncher.TransformationServiceDecorator/MODLAUNCHER]: Initializing transformation service mixin
[20Jun2024 06:00:57.447] [main/DEBUG] [mixin/]: MixinService [ModLauncher] was successfully booted in cpw.mods.cl.ModuleClassLoader@27c20538
[20Jun2024 06:00:57.485] [main/INFO] [mixin/]: SpongePowered MIXIN Subsystem Version=0.8.5 Source=union:/workspaces/MSP-2.5/servidor_minecraft/libraries/org/spongepowered/mixin/0.8.5/mixin-0.8.5.jar%2314!/ Service=ModLauncher Env=SERVER
[20Jun2024 06:00:57.489] [main/DEBUG] [mixin/]: Initialising Mixin Platform Manager
[20Jun2024 06:00:57.490] [main/DEBUG] [mixin/]: Adding mixin platform agents for container ModLauncher Root Container(ModLauncher:4f56a0a2)
[20Jun2024 06:00:57.490] [main/DEBUG] [mixin/]: Instancing new MixinPlatformAgentMinecraftForge for ModLauncher Root Container(ModLauncher:4f56a0a2)
[20Jun2024 06:00:57.491] [main/DEBUG] [mixin/]: MixinPlatformAgentMinecraftForge rejected container ModLauncher Root Container(ModLauncher:4f56a0a2)
[20Jun2024 06:00:57.492] [main/DEBUG] [mixin/]: Instancing new MixinPlatformAgentDefault for ModLauncher Root Container(ModLauncher:4f56a0a2)
[20Jun2024 06:00:57.492] [main/DEBUG] [mixin/]: MixinPlatformAgentDefault accepted container ModLauncher Root Container(ModLauncher:4f56a0a2)
[20Jun2024 06:00:57.495] [main/DEBUG] [cpw.mods.modlauncher.TransformationServiceDecorator/MODLAUNCHER]: Initialized transformation service mixin
[20Jun2024 06:00:57.495] [main/DEBUG] [cpw.mods.modlauncher.TransformationServiceDecorator/MODLAUNCHER]: Initializing transformation service fml
[20Jun2024 06:00:57.496] [main/DEBUG] [net.minecraftforge.fml.loading.FMLServiceProvider/CORE]: Setting up basic FML game directories
[20Jun2024 06:00:57.497] [main/DEBUG] [net.minecraftforge.fml.loading.FileUtils/CORE]: Found existing GAMEDIR directory : /workspaces/MSP-2.5/servidor_minecraft
[20Jun2024 06:00:57.498] [main/DEBUG] [net.minecraftforge.fml.loading.FMLPaths/CORE]: Path GAMEDIR is /workspaces/MSP-2.5/servidor_minecraft
[20Jun2024 06:00:57.498] [main/DEBUG] [net.minecraftforge.fml.loading.FileUtils/CORE]: Found existing MODSDIR directory : /workspaces/MSP-2.5/servidor_minecraft/mods
[20Jun2024 06:00:57.498] [main/DEBUG] [net.minecraftforge.fml.loading.FMLPaths/CORE]: Path MODSDIR is /workspaces/MSP-2.5/servidor_minecraft/mods
[20Jun2024 06:00:57.499] [main/DEBUG] [net.minecraftforge.fml.loading.FileUtils/CORE]: Found existing CONFIGDIR directory : /workspaces/MSP-2.5/servidor_minecraft/config
[20Jun2024 06:00:57.499] [main/DEBUG] [net.minecraftforge.fml.loading.FMLPaths/CORE]: Path CONFIGDIR is /workspaces/MSP-2.5/servidor_minecraft/config
[20Jun2024 06:00:57.499] [main/DEBUG] [net.minecraftforge.fml.loading.FMLPaths/CORE]: Path FMLCONFIG is /workspaces/MSP-2.5/servidor_minecraft/config/fml.toml
[20Jun2024 06:00:57.499] [main/DEBUG] [net.minecraftforge.fml.loading.FMLServiceProvider/CORE]: Loading configuration
[20Jun2024 06:00:57.593] [main/DEBUG] [net.minecraftforge.fml.loading.FileUtils/CORE]: Found existing default config directory directory : /workspaces/MSP-2.5/servidor_minecraft/defaultconfigs
[20Jun2024 06:00:57.594] [main/DEBUG] [net.minecraftforge.fml.loading.FMLServiceProvider/CORE]: Preparing ModFile
[20Jun2024 06:00:57.607] [main/DEBUG] [net.minecraftforge.fml.loading.FMLServiceProvider/CORE]: Preparing launch handler
[20Jun2024 06:00:57.608] [main/DEBUG] [net.minecraftforge.fml.loading.FMLLoader/CORE]: Using forgeserver as launch service
[20Jun2024 06:00:57.658] [main/DEBUG] [net.minecraftforge.fml.loading.FMLLoader/CORE]: Received command line version data  : VersionInfo[forgeVersion=40.2.0, mcVersion=1.18.2, mcpVersion=20220404.173914, forgeGroup=net.minecraftforge]
[20Jun2024 06:00:57.666] [main/DEBUG] [cpw.mods.modlauncher.TransformationServiceDecorator/MODLAUNCHER]: Initialized transformation service fml
[20Jun2024 06:00:57.667] [main/DEBUG] [cpw.mods.modlauncher.NameMappingServiceHandler/MODLAUNCHER]: Current naming domain is 'srg'
[20Jun2024 06:00:57.669] [main/DEBUG] [cpw.mods.modlauncher.NameMappingServiceHandler/MODLAUNCHER]: Identified name mapping providers {}
[20Jun2024 06:00:57.670] [main/DEBUG] [cpw.mods.modlauncher.TransformationServicesHandler/MODLAUNCHER]: Transformation services begin scanning
[20Jun2024 06:00:57.673] [main/DEBUG] [cpw.mods.modlauncher.TransformationServiceDecorator/MODLAUNCHER]: Beginning scan trigger - transformation service mixin
[20Jun2024 06:00:57.674] [main/DEBUG] [cpw.mods.modlauncher.TransformationServiceDecorator/MODLAUNCHER]: End scan trigger - transformation service mixin
[20Jun2024 06:00:57.677] [main/DEBUG] [cpw.mods.modlauncher.TransformationServiceDecorator/MODLAUNCHER]: Beginning scan trigger - transformation service fml
[20Jun2024 06:00:57.677] [main/DEBUG] [net.minecraftforge.fml.loading.FMLServiceProvider/CORE]: Initiating mod scan
[20Jun2024 06:00:57.707] [main/DEBUG] [net.minecraftforge.fml.loading.moddiscovery.ModListHandler/CORE]: Found mod coordinates from lists: []
[20Jun2024 06:00:57.710] [main/DEBUG] [net.minecraftforge.fml.loading.moddiscovery.ModDiscoverer/CORE]: Found Mod Locators : (mods folder:null),(maven libs:null),(exploded directory:null),(minecraft:null),(userdev classpath:null),(JarInJar:null)
[20Jun2024 06:00:57.742] [main/DEBUG] [net.minecraftforge.fml.loading.moddiscovery.ModFileParser/LOADING]: Considering mod file candidate /workspaces/MSP-2.5/servidor_minecraft/mods/Apotheosis-1.18.2-5.8.1.jar
[20Jun2024 06:00:57.874] [main/DEBUG] [net.minecraftforge.fml.loading.moddiscovery.ModFileInfo/LOADING]: Found valid mod file Apotheosis-1.18.2-5.8.1.jar with {apotheosis} mods - versions {5.8.1}
[20Jun2024 06:00:57.876] [main/DEBUG] [net.minecraftforge.fml.loading.moddiscovery.ModFileParser/LOADING]: Considering mod file candidate /workspaces/MSP-2.5/servidor_minecraft/mods/AppleTreesRev-Forge-1.18.2-v2.0.jar
[20Jun2024 06:00:57.878] [main/DEBUG] [net.minecraftforge.fml.loading.moddiscovery.ModFileInfo/LOADING]: Found valid mod file AppleTreesRev-Forge-1.18.2-v2.0.jar with {appletreesrev} mods - versions {2.0}
[20Jun2024 06:00:57.883] [main/DEBUG] [net.minecraftforge.fml.loading.moddiscovery.ModFileParser/LOADING]: Considering mod file candidate /workspaces/MSP-2.5/servidor_minecraft/mods/Aquaculture-1.18.2-2.3.12.jar
[20Jun2024 06:00:57.887] [main/DEBUG] [net.minecraftforge.fml.loading.moddiscovery.ModFileInfo/LOADING]: Found valid mod file Aquaculture-1.18.2-2.3.12.jar with {aquaculture} mods - versions {1.18.2-2.3.12}
[20Jun2024 06:00:57.889] [main/DEBUG] [net.minecraftforge.fml.loading.moddiscovery.ModFileParser/LOADING]: Considering mod file candidate /workspaces/MSP-2.5/servidor_minecraft/mods/architectury-4.12.94-forge.jar
[20Jun2024 06:00:57.893] [main/DEBUG] [net.minecraftforge.fml.loading.moddiscovery.ModFileInfo/LOADING]: Found valid mod file architectury-4.12.94-forge.jar with {architectury} mods - versions {4.12.94}
[20Jun2024 06:00:57.896] [main/DEBUG] [net.minecraftforge.fml.loading.moddiscovery.ModFileParser/LOADING]: Considering mod file candidate /workspaces/MSP-2.5/servidor_minecraft/mods/artifacts-1.18.2-4.2.3.jar
[20Jun2024 06:00:57.900] [main/DEBUG] [net.minecraftforge.fml.loading.moddiscovery.ModFileInfo/LOADING]: Found valid mod file artifacts-1.18.2-4.2.3.jar with {artifacts} mods - versions {1.18.2-4.2.3}
[20Jun2024 06:00:57.902] [main/DEBUG] [net.minecraftforge.fml.loading.moddiscovery.ModFileParser/LOADING]: Considering mod file candidate /workspaces/MSP-2.5/servidor_minecraft/mods/AutoRegLib-1.7-53.jar
[20Jun2024 06:00:57.904] [main/DEBUG] [net.minecraftforge.fml.loading.moddiscovery.ModFileInfo/LOADING]: Found valid mod file AutoRegLib-1.7-53.jar with {autoreglib} mods - versions {1.7-53}
[20Jun2024 06:00:57.905] [main/DEBUG] [net.minecraftforge.fml.loading.moddiscovery.ModFileParser/LOADING]: Considering mod file candidate /workspaces/MSP-2.5/servidor_minecraft/mods/badpackets-forge-0.1.3.jar
[20Jun2024 06:00:57.907] [main/DEBUG] [net.minecraftforge.fml.loading.moddiscovery.ModFileInfo/LOADING]: Found valid mod file badpackets-forge-0.1.3.jar with {badpackets} mods - versions {0.1.3}
[20Jun2024 06:00:57.908] [main/DEBUG] [net.minecraftforge.fml.loading.moddiscovery.ModFileParser/LOADING]: Considering mod file candidate /workspaces/MSP-2.5/servidor_minecraft/mods/balm-3.2.6.jar
[20Jun2024 06:00:57.911] [main/DEBUG] [net.minecraftforge.fml.loading.moddiscovery.ModFileInfo/LOADING]: Found valid mod file balm-3.2.6.jar with {balm} mods - versions {3.2.6}
[20Jun2024 06:00:57.914] [main/DEBUG] [net.minecraftforge.fml.loading.moddiscovery.ModFileParser/LOADING]: Considering mod file candidate /workspaces/MSP-2.5/servidor_minecraft/mods/betteranimalsplus-1.18.2-11.0.10-forge.jar
[20Jun2024 06:00:57.919] [main/DEBUG] [net.minecraftforge.fml.loading.moddiscovery.ModFileInfo/LOADING]: Found valid mod file betteranimalsplus-1.18.2-11.0.10-forge.jar with {betteranimalsplus} mods - versions {1.18.2-11.0.10}
[20Jun2024 06:00:57.920] [main/DEBUG] [net.minecraftforge.fml.loading.moddiscovery.ModFileParser/LOADING]: Considering mod file candidate /workspaces/MSP-2.5/servidor_minecraft/mods/bettercombat-forge-1.6.2+1.18.2.jar
[20Jun2024 06:00:57.928] [main/DEBUG] [net.minecraftforge.fml.loading.moddiscovery.ModFileInfo/LOADING]: Found valid mod file bettercombat-forge-1.6.2+1.18.2.jar with {bettercombat} mods - versions {1.6.2+1.18.2}
[20Jun2024 06:00:57.934] [main/DEBUG] [net.minecraftforge.fml.loading.moddiscovery.ModFileParser/LOADING]: Considering mod file candidate /workspaces/MSP-2.5/servidor_minecraft/mods/BiomesOPlenty-1.18.2-16.0.0.134.jar
[20Jun2024 06:00:57.939] [main/DEBUG] [net.minecraftforge.fml.loading.moddiscovery.ModFileInfo/LOADING]: Found valid mod file BiomesOPlenty-1.18.2-16.0.0.134.jar with {biomesoplenty} mods - versions {0.0NONE}
[20Jun2024 06:00:57.970] [main/DEBUG] [net.minecraftforge.fml.loading.moddiscovery.ModFileParser/LOADING]: Considering mod file candidate /workspaces/MSP-2.5/servidor_minecraft/mods/Bookshelf-Forge-1.18.2-13.3.56.jar
[20Jun2024 06:00:57.972] [main/DEBUG] [net.minecraftforge.fml.loading.moddiscovery.ModFileInfo/LOADING]: Found valid mod file Bookshelf-Forge-1.18.2-13.3.56.jar with {bookshelf} mods - versions {13.3.56}
[20Jun2024 06:00:57.974] [main/DEBUG] [net.minecraftforge.fml.loading.moddiscovery.ModFileParser/LOADING]: Considering mod file candidate /workspaces/MSP-2.5/servidor_minecraft/mods/carryon-1.18.2-1.17.2.15.jar
[20Jun2024 06:00:57.980] [main/DEBUG] [net.minecraftforge.fml.loading.moddiscovery.ModFileInfo/LOADING]: Found valid mod file carryon-1.18.2-1.17.2.15.jar with {carryon} mods - versions {1.17.2.15}
[20Jun2024 06:00:57.981] [main/DEBUG] [net.minecraftforge.fml.loading.moddiscovery.ModFileParser/LOADING]: Considering mod file candidate /workspaces/MSP-2.5/servidor_minecraft/mods/citadel-1.11.3-1.18.2.jar
[20Jun2024 06:00:57.983] [main/DEBUG] [net.minecraftforge.fml.loading.moddiscovery.ModFileInfo/LOADING]: Found valid mod file citadel-1.11.3-1.18.2.jar with {citadel} mods - versions {1.11.3}
[20Jun2024 06:00:58.217] [main/DEBUG] [net.minecraftforge.fml.loading.moddiscovery.ModFileInfo/LOADING]: Found valid mod file server-1.18.2-20220404.173914-srg.jar with {minecraft} mods - versions {1.18.2}
[20Jun2024 06:00:58.223] [main/DEBUG] [net.minecraftforge.fml.loading.moddiscovery.ModFileParser/LOADING]: Considering mod file candidate /workspaces/MSP-2.5/servidor_minecraft/libraries/net/minecraftforge/fmlcore/1.18.2-40.2.0/fmlcore-1.18.2-40.2.0.jar
[20Jun2024 06:00:58.223] [main/WARN] [net.minecraftforge.fml.loading.moddiscovery.ModFileParser/LOADING]: Mod file /workspaces/MSP-2.5/servidor_minecraft/libraries/net/minecraftforge/fmlcore/1.18.2-40.2.0/fmlcore-1.18.2-40.2.0.jar is missing mods.toml file
[20Jun2024 06:00:58.227] [main/DEBUG] [net.minecraftforge.fml.loading.moddiscovery.ModFileParser/LOADING]: Considering mod file candidate /workspaces/MSP-2.5/servidor_minecraft/libraries/net/minecraftforge/javafmllanguage/1.18.2-40.2.0/javafmllanguage-1.18.2-40.2.0.jar
[20Jun2024 06:00:58.228] [main/WARN] [net.minecraftforge.fml.loading.moddiscovery.ModFileParser/LOADING]: Mod file /workspaces/MSP-2.5/servidor_minecraft/libraries/net/minecraftforge/javafmllanguage/1.18.2-40.2.0/javafmllanguage-1.18.2-40.2.0.jar is missing mods.toml file
[20Jun2024 06:00:58.231] [main/DEBUG] [net.minecraftforge.fml.loading.moddiscovery.ModFileParser/LOADING]: Considering mod file candidate /workspaces/MSP-2.5/servidor_minecraft/libraries/net/minecraftforge/lowcodelanguage/1.18.2-40.2.0/lowcodelanguage-1.18.2-40.2.0.jar
[20Jun2024 06:00:58.231] [main/WARN] [net.minecraftforge.fml.loading.moddiscovery.ModFileParser/LOADING]: Mod file /workspaces/MSP-2.5/servidor_minecraft/libraries/net/minecraftforge/lowcodelanguage/1.18.2-40.2.0/lowcodelanguage-1.18.2-40.2.0.jar is missing mods.toml file
[20Jun2024 06:00:58.234] [main/DEBUG] [net.minecraftforge.fml.loading.moddiscovery.ModFileParser/LOADING]: Considering mod file candidate /workspaces/MSP-2.5/servidor_minecraft/libraries/net/minecraftforge/mclanguage/1.18.2-40.2.0/mclanguage-1.18.2-40.2.0.jar
[20Jun2024 06:00:58.235] [main/WARN] [net.minecraftforge.fml.loading.moddiscovery.ModFileParser/LOADING]: Mod file /workspaces/MSP-2.5/servidor_minecraft/libraries/net/minecraftforge/mclanguage/1.18.2-40.2.0/mclanguage-1.18.2-40.2.0.jar is missing mods.toml file
[20Jun2024 06:00:58.290] [main/DEBUG] [net.minecraftforge.fml.loading.moddiscovery.ModFileParser/LOADING]: Considering mod file candidate /workspaces/MSP-2.5/servidor_minecraft/libraries/net/minecraftforge/forge/1.18.2-40.2.0/forge-1.18.2-40.2.0-universal.jar
[20Jun2024 06:00:58.293] [main/DEBUG] [net.minecraftforge.fml.loading.moddiscovery.ModFileInfo/LOADING]: Found valid mod file forge-1.18.2-40.2.0-universal.jar with {forge} mods - versions {40.2.0}
[20Jun2024 06:00:58.330] [main/DEBUG] [net.minecraftforge.fml.loading.moddiscovery.AbstractJarFileDependencyLocator/]: Failed to load resource META-INF/jarjar/metadata.json from server-1.18.2-20220404.173914-srg.jar, it does not contain dependency information.
[20Jun2024 06:00:58.330] [main/DEBUG] [net.minecraftforge.fml.loading.moddiscovery.AbstractJarFileDependencyLocator/]: Failed to load resource META-INF/jarjar/metadata.json from badpackets-forge-0.1.3.jar, it does not contain dependency information.
[20Jun2024 06:00:58.331] [main/DEBUG] [net.minecraftforge.fml.loading.moddiscovery.AbstractJarFileDependencyLocator/]: Failed to load resource META-INF/jarjar/metadata.json from betteranimalsplus-1.18.2-11.0.10-forge.jar, it does not contain dependency information.
[20Jun2024 06:00:58.331] [main/DEBUG] [net.minecraftforge.fml.loading.moddiscovery.AbstractJarFileDependencyLocator/]: Failed to load resource META-INF/jarjar/metadata.json from Bookshelf-Forge-1.18.2-13.3.56.jar, it does not contain dependency information.
[20Jun2024 06:00:58.331] [main/DEBUG] [net.minecraftforge.fml.loading.moddiscovery.AbstractJarFileDependencyLocator/]: Failed to load resource META-INF/jarjar/metadata.json from bettercombat-forge-1.6.2+1.18.2.jar, it does not contain dependency information.
[20Jun2024 06:00:58.331] [main/DEBUG] [net.minecraftforge.fml.loading.moddiscovery.AbstractJarFileDependencyLocator/]: Failed to load resource META-INF/jarjar/metadata.json from BiomesOPlenty-1.18.2-16.0.0.134.jar, it does not contain dependency information.
[20Jun2024 06:00:58.331] [main/DEBUG] [net.minecraftforge.fml.loading.moddiscovery.AbstractJarFileDependencyLocator/]: Failed to load resource META-INF/jarjar/metadata.json from Apotheosis-1.18.2-5.8.1.jar, it does not contain dependency information.
[20Jun2024 06:00:58.331] [main/DEBUG] [net.minecraftforge.fml.loading.moddiscovery.AbstractJarFileDependencyLocator/]: Failed to load resource META-INF/jarjar/metadata.json from architectury-4.12.94-forge.jar, it does not contain dependency information.
[20Jun2024 06:00:58.332] [main/DEBUG] [net.minecraftforge.fml.loading.moddiscovery.AbstractJarFileDependencyLocator/]: Failed to load resource META-INF/jarjar/metadata.json from balm-3.2.6.jar, it does not contain dependency information.
[20Jun2024 06:00:58.332] [main/DEBUG] [net.minecraftforge.fml.loading.moddiscovery.AbstractJarFileDependencyLocator/]: Failed to load resource META-INF/jarjar/metadata.json from carryon-1.18.2-1.17.2.15.jar, it does not contain dependency information.
[20Jun2024 06:00:58.332] [main/DEBUG] [net.minecraftforge.fml.loading.moddiscovery.AbstractJarFileDependencyLocator/]: Failed to load resource META-INF/jarjar/metadata.json from Aquaculture-1.18.2-2.3.12.jar, it does not contain dependency information.
[20Jun2024 06:00:58.332] [main/DEBUG] [net.minecraftforge.fml.loading.moddiscovery.AbstractJarFileDependencyLocator/]: Failed to load resource META-INF/jarjar/metadata.json from forge-1.18.2-40.2.0-universal.jar, it does not contain dependency information.
[20Jun2024 06:00:58.332] [main/DEBUG] [net.minecraftforge.fml.loading.moddiscovery.AbstractJarFileDependencyLocator/]: Failed to load resource META-INF/jarjar/metadata.json from AppleTreesRev-Forge-1.18.2-v2.0.jar, it does not contain dependency information.
[20Jun2024 06:00:58.333] [main/DEBUG] [net.minecraftforge.fml.loading.moddiscovery.AbstractJarFileDependencyLocator/]: Failed to load resource META-INF/jarjar/metadata.json from citadel-1.11.3-1.18.2.jar, it does not contain dependency information.
[20Jun2024 06:00:58.333] [main/DEBUG] [net.minecraftforge.fml.loading.moddiscovery.AbstractJarFileDependencyLocator/]: Failed to load resource META-INF/jarjar/metadata.json from AutoRegLib-1.7-53.jar, it does not contain dependency information.
[20Jun2024 06:00:58.333] [main/DEBUG] [net.minecraftforge.fml.loading.moddiscovery.AbstractJarFileDependencyLocator/]: Failed to load resource META-INF/jarjar/metadata.json from artifacts-1.18.2-4.2.3.jar, it does not contain dependency information.
[20Jun2024 06:00:58.333] [main/DEBUG] [net.minecraftforge.fml.loading.moddiscovery.AbstractJarFileDependencyLocator/]: Failed to load resource META-INF/jarjar/metadata.json from mclanguage-1.18.2-40.2.0.jar, it does not contain dependency information.
[20Jun2024 06:00:58.333] [main/DEBUG] [net.minecraftforge.fml.loading.moddiscovery.AbstractJarFileDependencyLocator/]: Failed to load resource META-INF/jarjar/metadata.json from javafmllanguage-1.18.2-40.2.0.jar, it does not contain dependency information.
[20Jun2024 06:00:58.334] [main/DEBUG] [net.minecraftforge.fml.loading.moddiscovery.AbstractJarFileDependencyLocator/]: Failed to load resource META-INF/jarjar/metadata.json from fmlcore-1.18.2-40.2.0.jar, it does not contain dependency information.
[20Jun2024 06:00:58.334] [main/DEBUG] [net.minecraftforge.fml.loading.moddiscovery.AbstractJarFileDependencyLocator/]: Failed to load resource META-INF/jarjar/metadata.json from lowcodelanguage-1.18.2-40.2.0.jar, it does not contain dependency information.
[20Jun2024 06:00:58.367] [main/INFO] [net.minecraftforge.fml.loading.moddiscovery.JarInJarDependencyLocator/]: No dependencies to load found. Skipping!
[20Jun2024 06:00:58.369] [main/DEBUG] [net.minecraftforge.fml.loading.moddiscovery.ModFileParser/LOADING]: Considering mod file candidate /workspaces/MSP-2.5/servidor_minecraft/mods/badpackets-forge-0.1.3.jar
[20Jun2024 06:00:58.370] [main/DEBUG] [net.minecraftforge.fml.loading.moddiscovery.ModFileInfo/LOADING]: Found valid mod file badpackets-forge-0.1.3.jar with {badpackets} mods - versions {0.1.3}
[20Jun2024 06:00:58.376] [main/DEBUG] [net.minecraftforge.fml.loading.moddiscovery.ModFile/LOADING]: Loading mod file /workspaces/MSP-2.5/servidor_minecraft/mods/badpackets-forge-0.1.3.jar with languages [LanguageSpec[languageName=javafml, acceptedVersions=[38,)]]
[20Jun2024 06:00:58.378] [main/DEBUG] [net.minecraftforge.fml.loading.moddiscovery.ModFileInfo/LOADING]: Found valid mod file server-1.18.2-20220404.173914-srg.jar with {minecraft} mods - versions {1.18.2}
[20Jun2024 06:00:58.380] [main/DEBUG] [net.minecraftforge.fml.loading.moddiscovery.ModFile/LOADING]: Loading mod file /workspaces/MSP-2.5/servidor_minecraft/libraries/net/minecraft/server/1.18.2-20220404.173914/server-1.18.2-20220404.173914-srg.jar with languages [LanguageSpec[languageName=minecraft, acceptedVersions=1]]
[20Jun2024 06:00:58.381] [main/DEBUG] [net.minecraftforge.fml.loading.moddiscovery.ModFileParser/LOADING]: Considering mod file candidate /workspaces/MSP-2.5/servidor_minecraft/mods/betteranimalsplus-1.18.2-11.0.10-forge.jar
[20Jun2024 06:00:58.384] [main/DEBUG] [net.minecraftforge.fml.loading.moddiscovery.ModFileInfo/LOADING]: Found valid mod file betteranimalsplus-1.18.2-11.0.10-forge.jar with {betteranimalsplus} mods - versions {1.18.2-11.0.10}
[20Jun2024 06:00:58.384] [main/DEBUG] [net.minecraftforge.fml.loading.moddiscovery.ModFile/LOADING]: Loading mod file /workspaces/MSP-2.5/servidor_minecraft/mods/betteranimalsplus-1.18.2-11.0.10-forge.jar with languages [LanguageSpec[languageName=javafml, acceptedVersions=[40,)]]
[20Jun2024 06:00:58.384] [main/DEBUG] [net.minecraftforge.fml.loading.moddiscovery.ModFileParser/LOADING]: Considering mod file candidate /workspaces/MSP-2.5/servidor_minecraft/mods/bettercombat-forge-1.6.2+1.18.2.jar
[20Jun2024 06:00:58.387] [main/DEBUG] [net.minecraftforge.fml.loading.moddiscovery.ModFileInfo/LOADING]: Found valid mod file bettercombat-forge-1.6.2+1.18.2.jar with {bettercombat} mods - versions {1.6.2+1.18.2}
[20Jun2024 06:00:58.387] [main/DEBUG] [net.minecraftforge.fml.loading.moddiscovery.ModFile/LOADING]: Loading mod file /workspaces/MSP-2.5/servidor_minecraft/mods/bettercombat-forge-1.6.2+1.18.2.jar with languages [LanguageSpec[languageName=javafml, acceptedVersions=[39,)]]
[20Jun2024 06:00:58.388] [main/DEBUG] [net.minecraftforge.fml.loading.moddiscovery.ModFileParser/LOADING]: Considering mod file candidate /workspaces/MSP-2.5/servidor_minecraft/mods/Bookshelf-Forge-1.18.2-13.3.56.jar
[20Jun2024 06:00:58.389] [main/DEBUG] [net.minecraftforge.fml.loading.moddiscovery.ModFileInfo/LOADING]: Found valid mod file Bookshelf-Forge-1.18.2-13.3.56.jar with {bookshelf} mods - versions {13.3.56}
[20Jun2024 06:00:58.389] [main/DEBUG] [net.minecraftforge.fml.loading.moddiscovery.ModFile/LOADING]: Loading mod file /workspaces/MSP-2.5/servidor_minecraft/mods/Bookshelf-Forge-1.18.2-13.3.56.jar with languages [LanguageSpec[languageName=javafml, acceptedVersions=[40,)]]
[20Jun2024 06:00:58.389] [main/DEBUG] [net.minecraftforge.fml.loading.moddiscovery.ModFileParser/LOADING]: Considering mod file candidate /workspaces/MSP-2.5/servidor_minecraft/mods/BiomesOPlenty-1.18.2-16.0.0.134.jar
[20Jun2024 06:00:58.393] [main/DEBUG] [net.minecraftforge.fml.loading.moddiscovery.ModFileInfo/LOADING]: Found valid mod file BiomesOPlenty-1.18.2-16.0.0.134.jar with {biomesoplenty} mods - versions {0.0NONE}
[20Jun2024 06:00:58.393] [main/DEBUG] [net.minecraftforge.fml.loading.moddiscovery.ModFile/LOADING]: Loading mod file /workspaces/MSP-2.5/servidor_minecraft/mods/BiomesOPlenty-1.18.2-16.0.0.134.jar with languages [LanguageSpec[languageName=javafml, acceptedVersions=[39,)]]
[20Jun2024 06:00:58.394] [main/DEBUG] [net.minecraftforge.fml.loading.moddiscovery.ModFileParser/LOADING]: Considering mod file candidate /workspaces/MSP-2.5/servidor_minecraft/mods/Apotheosis-1.18.2-5.8.1.jar
[20Jun2024 06:00:58.395] [main/DEBUG] [net.minecraftforge.fml.loading.moddiscovery.ModFileInfo/LOADING]: Found valid mod file Apotheosis-1.18.2-5.8.1.jar with {apotheosis} mods - versions {5.8.1}
[20Jun2024 06:00:58.395] [main/DEBUG] [net.minecraftforge.fml.loading.moddiscovery.ModFile/LOADING]: Loading mod file /workspaces/MSP-2.5/servidor_minecraft/mods/Apotheosis-1.18.2-5.8.1.jar with languages [LanguageSpec[languageName=javafml, acceptedVersions=[32,)]]
[20Jun2024 06:00:58.468] [main/DEBUG] [net.minecraftforge.fml.loading.moddiscovery.ModFileParser/LOADING]: Found coremod ench_info_redirector with Javascript path coremods/ench/ench_info_redirector.js
[20Jun2024 06:00:58.468] [main/DEBUG] [net.minecraftforge.fml.loading.moddiscovery.ModFileParser/LOADING]: Found coremod ench_info_loot_redirector with Javascript path coremods/ench/ench_info_loot_redirector.js
[20Jun2024 06:00:58.468] [main/DEBUG] [net.minecraftforge.fml.loading.moddiscovery.ModFileParser/LOADING]: Found coremod fishing_hook with Javascript path coremods/ench/fishing_hook.js
[20Jun2024 06:00:58.469] [main/DEBUG] [net.minecraftforge.fml.loading.moddiscovery.ModFile/LOADING]: Found coremod coremods/ench/ench_info_redirector.js
[20Jun2024 06:00:58.469] [main/DEBUG] [net.minecraftforge.fml.loading.moddiscovery.ModFile/LOADING]: Found coremod coremods/ench/ench_info_loot_redirector.js
[20Jun2024 06:00:58.469] [main/DEBUG] [net.minecraftforge.fml.loading.moddiscovery.ModFile/LOADING]: Found coremod coremods/ench/fishing_hook.js
[20Jun2024 06:00:58.470] [main/DEBUG] [net.minecraftforge.fml.loading.moddiscovery.ModFileParser/LOADING]: Considering mod file candidate /workspaces/MSP-2.5/servidor_minecraft/mods/architectury-4.12.94-forge.jar
[20Jun2024 06:00:58.472] [main/DEBUG] [net.minecraftforge.fml.loading.moddiscovery.ModFileInfo/LOADING]: Found valid mod file architectury-4.12.94-forge.jar with {architectury} mods - versions {4.12.94}
[20Jun2024 06:00:58.472] [main/DEBUG] [net.minecraftforge.fml.loading.moddiscovery.ModFile/LOADING]: Loading mod file /workspaces/MSP-2.5/servidor_minecraft/mods/architectury-4.12.94-forge.jar with languages [LanguageSpec[languageName=javafml, acceptedVersions=[40,)]]
[20Jun2024 06:00:58.474] [main/DEBUG] [net.minecraftforge.fml.loading.moddiscovery.ModFileParser/LOADING]: Considering mod file candidate /workspaces/MSP-2.5/servidor_minecraft/mods/balm-3.2.6.jar
[20Jun2024 06:00:58.475] [main/DEBUG] [net.minecraftforge.fml.loading.moddiscovery.ModFileInfo/LOADING]: Found valid mod file balm-3.2.6.jar with {balm} mods - versions {3.2.6}
[20Jun2024 06:00:58.475] [main/DEBUG] [net.minecraftforge.fml.loading.moddiscovery.ModFile/LOADING]: Loading mod file /workspaces/MSP-2.5/servidor_minecraft/mods/balm-3.2.6.jar with languages [LanguageSpec[languageName=javafml, acceptedVersions=[40,)]]
[20Jun2024 06:00:58.476] [main/DEBUG] [net.minecraftforge.fml.loading.moddiscovery.ModFileParser/LOADING]: Considering mod file candidate /workspaces/MSP-2.5/servidor_minecraft/mods/Aquaculture-1.18.2-2.3.12.jar
[20Jun2024 06:00:58.477] [main/DEBUG] [net.minecraftforge.fml.loading.moddiscovery.ModFileInfo/LOADING]: Found valid mod file Aquaculture-1.18.2-2.3.12.jar with {aquaculture} mods - versions {1.18.2-2.3.12}
[20Jun2024 06:00:58.477] [main/DEBUG] [net.minecraftforge.fml.loading.moddiscovery.ModFile/LOADING]: Loading mod file /workspaces/MSP-2.5/servidor_minecraft/mods/Aquaculture-1.18.2-2.3.12.jar with languages [LanguageSpec[languageName=javafml, acceptedVersions=[40,)]]
[20Jun2024 06:00:58.478] [main/DEBUG] [net.minecraftforge.fml.loading.moddiscovery.ModFileParser/LOADING]: Considering mod file candidate /workspaces/MSP-2.5/servidor_minecraft/mods/carryon-1.18.2-1.17.2.15.jar
[20Jun2024 06:00:58.479] [main/DEBUG] [net.minecraftforge.fml.loading.moddiscovery.ModFileInfo/LOADING]: Found valid mod file carryon-1.18.2-1.17.2.15.jar with {carryon} mods - versions {1.17.2.15}
[20Jun2024 06:00:58.480] [main/DEBUG] [net.minecraftforge.fml.loading.moddiscovery.ModFile/LOADING]: Loading mod file /workspaces/MSP-2.5/servidor_minecraft/mods/carryon-1.18.2-1.17.2.15.jar with languages [LanguageSpec[languageName=javafml, acceptedVersions=[40,)]]
[20Jun2024 06:00:58.481] [main/DEBUG] [net.minecraftforge.fml.loading.moddiscovery.ModFileParser/LOADING]: Considering mod file candidate /workspaces/MSP-2.5/servidor_minecraft/libraries/net/minecraftforge/forge/1.18.2-40.2.0/forge-1.18.2-40.2.0-universal.jar
[20Jun2024 06:00:58.482] [main/DEBUG] [net.minecraftforge.fml.loading.moddiscovery.ModFileInfo/LOADING]: Found valid mod file forge-1.18.2-40.2.0-universal.jar with {forge} mods - versions {40.2.0}
[20Jun2024 06:00:58.483] [main/DEBUG] [net.minecraftforge.fml.loading.moddiscovery.ModFile/LOADING]: Loading mod file /workspaces/MSP-2.5/servidor_minecraft/libraries/net/minecraftforge/forge/1.18.2-40.2.0/forge-1.18.2-40.2.0-universal.jar with languages [LanguageSpec[languageName=javafml, acceptedVersions=[24,]]]
[20Jun2024 06:00:58.484] [main/DEBUG] [net.minecraftforge.fml.loading.moddiscovery.ModFileParser/LOADING]: Found coremod field_to_method with Javascript path coremods/field_to_method.js
[20Jun2024 06:00:58.484] [main/DEBUG] [net.minecraftforge.fml.loading.moddiscovery.ModFileParser/LOADING]: Found coremod field_to_instanceof with Javascript path coremods/field_to_instanceof.js
[20Jun2024 06:00:58.484] [main/DEBUG] [net.minecraftforge.fml.loading.moddiscovery.ModFileParser/LOADING]: Found coremod add_bouncer_method with Javascript path coremods/add_bouncer_method.js
[20Jun2024 06:00:58.485] [main/DEBUG] [net.minecraftforge.fml.loading.moddiscovery.ModFileParser/LOADING]: Found coremod registry_object_binary_compat with Javascript path coremods/registry_object_binary_compat.js
[20Jun2024 06:00:58.485] [main/DEBUG] [net.minecraftforge.fml.loading.moddiscovery.ModFile/LOADING]: Found coremod coremods/field_to_method.js
[20Jun2024 06:00:58.486] [main/DEBUG] [net.minecraftforge.fml.loading.moddiscovery.ModFile/LOADING]: Found coremod coremods/field_to_instanceof.js
[20Jun2024 06:00:58.486] [main/DEBUG] [net.minecraftforge.fml.loading.moddiscovery.ModFile/LOADING]: Found coremod coremods/add_bouncer_method.js
[20Jun2024 06:00:58.486] [main/DEBUG] [net.minecraftforge.fml.loading.moddiscovery.ModFile/LOADING]: Found coremod coremods/registry_object_binary_compat.js
[20Jun2024 06:00:58.487] [main/DEBUG] [net.minecraftforge.fml.loading.moddiscovery.ModFileParser/LOADING]: Considering mod file candidate /workspaces/MSP-2.5/servidor_minecraft/mods/AppleTreesRev-Forge-1.18.2-v2.0.jar
[20Jun2024 06:00:58.488] [main/DEBUG] [net.minecraftforge.fml.loading.moddiscovery.ModFileInfo/LOADING]: Found valid mod file AppleTreesRev-Forge-1.18.2-v2.0.jar with {appletreesrev} mods - versions {2.0}
[20Jun2024 06:00:58.488] [main/DEBUG] [net.minecraftforge.fml.loading.moddiscovery.ModFile/LOADING]: Loading mod file /workspaces/MSP-2.5/servidor_minecraft/mods/AppleTreesRev-Forge-1.18.2-v2.0.jar with languages [LanguageSpec[languageName=javafml, acceptedVersions=[40,)]]
[20Jun2024 06:00:58.489] [main/DEBUG] [net.minecraftforge.fml.loading.moddiscovery.ModFileParser/LOADING]: Considering mod file candidate /workspaces/MSP-2.5/servidor_minecraft/mods/AutoRegLib-1.7-53.jar
[20Jun2024 06:00:58.490] [main/DEBUG] [net.minecraftforge.fml.loading.moddiscovery.ModFileInfo/LOADING]: Found valid mod file AutoRegLib-1.7-53.jar with {autoreglib} mods - versions {1.7-53}
[20Jun2024 06:00:58.490] [main/DEBUG] [net.minecraftforge.fml.loading.moddiscovery.ModFile/LOADING]: Loading mod file /workspaces/MSP-2.5/servidor_minecraft/mods/AutoRegLib-1.7-53.jar with languages [LanguageSpec[languageName=javafml, acceptedVersions=[38,)]]
[20Jun2024 06:00:58.491] [main/DEBUG] [net.minecraftforge.fml.loading.moddiscovery.ModFileParser/LOADING]: Considering mod file candidate /workspaces/MSP-2.5/servidor_minecraft/mods/citadel-1.11.3-1.18.2.jar
[20Jun2024 06:00:58.492] [main/DEBUG] [net.minecraftforge.fml.loading.moddiscovery.ModFileInfo/LOADING]: Found valid mod file citadel-1.11.3-1.18.2.jar with {citadel} mods - versions {1.11.3}
[20Jun2024 06:00:58.492] [main/DEBUG] [net.minecraftforge.fml.loading.moddiscovery.ModFile/LOADING]: Loading mod file /workspaces/MSP-2.5/servidor_minecraft/mods/citadel-1.11.3-1.18.2.jar with languages [LanguageSpec[languageName=javafml, acceptedVersions=[40,)]]
[20Jun2024 06:00:58.493] [main/DEBUG] [net.minecraftforge.fml.loading.moddiscovery.ModFileParser/LOADING]: Considering mod file candidate /workspaces/MSP-2.5/servidor_minecraft/mods/artifacts-1.18.2-4.2.3.jar
[20Jun2024 06:00:58.495] [main/DEBUG] [net.minecraftforge.fml.loading.moddiscovery.ModFileInfo/LOADING]: Found valid mod file artifacts-1.18.2-4.2.3.jar with {artifacts} mods - versions {1.18.2-4.2.3}
[20Jun2024 06:00:58.495] [main/DEBUG] [net.minecraftforge.fml.loading.moddiscovery.ModFile/LOADING]: Loading mod file /workspaces/MSP-2.5/servidor_minecraft/mods/artifacts-1.18.2-4.2.3.jar with languages [LanguageSpec[languageName=javafml, acceptedVersions=[40,)]]
[20Jun2024 06:00:58.497] [main/DEBUG] [cpw.mods.modlauncher.TransformationServiceDecorator/MODLAUNCHER]: End scan trigger - transformation service fml
[20Jun2024 06:00:58.521] [main/DEBUG] [net.minecraftforge.fml.loading.LanguageLoadingProvider/CORE]: Found 3 language providers
[20Jun2024 06:00:58.522] [main/DEBUG] [net.minecraftforge.fml.loading.LanguageLoadingProvider/CORE]: Found language provider minecraft, version 1.0
[20Jun2024 06:00:58.524] [main/DEBUG] [net.minecraftforge.fml.loading.LanguageLoadingProvider/CORE]: Found language provider lowcodefml, version 40
[20Jun2024 06:00:58.524] [main/DEBUG] [net.minecraftforge.fml.loading.LanguageLoadingProvider/CORE]: Found language provider javafml, version 40
[20Jun2024 06:00:58.530] [main/DEBUG] [net.minecraftforge.fml.loading.ModSorter/]: Configured system mods: [minecraft, forge]
[20Jun2024 06:00:58.531] [main/DEBUG] [net.minecraftforge.fml.loading.ModSorter/]: Found system mod: minecraft
[20Jun2024 06:00:58.531] [main/DEBUG] [net.minecraftforge.fml.loading.ModSorter/]: Found system mod: forge
[20Jun2024 06:00:58.534] [main/DEBUG] [net.minecraftforge.fml.loading.ModSorter/LOADING]: Found 25 mod requirements (24 mandatory, 1 optional)
[20Jun2024 06:00:58.535] [main/DEBUG] [net.minecraftforge.fml.loading.ModSorter/LOADING]: Found 6 mod requirements missing (6 mandatory, 0 optional)
[20Jun2024 06:00:58.536] [main/ERROR] [net.minecraftforge.fml.loading.ModSorter/LOADING]: Missing or unsupported mandatory dependencies:
	Mod ID: 'expandability', Requested by: 'artifacts', Expected range: '[6.0.0,)', Actual version: '[MISSING]'
	Mod ID: 'playeranimator', Requested by: 'bettercombat', Expected range: '[0.9.9,)', Actual version: '[MISSING]'
	Mod ID: 'terrablender', Requested by: 'biomesoplenty', Expected range: '[1.1.0.91,)', Actual version: '[MISSING]'
	Mod ID: 'cloth_config', Requested by: 'bettercombat', Expected range: '[6.0.0,)', Actual version: '[MISSING]'
	Mod ID: 'placebo', Requested by: 'apotheosis', Expected range: '[6.6.6,)', Actual version: '[MISSING]'
	Mod ID: 'curios', Requested by: 'artifacts', Expected range: '[1.18.2-5.0.6.3,)', Actual version: '[MISSING]'
[20Jun2024 06:00:59.289] [main/DEBUG] [cpw.mods.modlauncher.TransformationServicesHandler/MODLAUNCHER]: Transformation services loading transformers
[20Jun2024 06:00:59.290] [main/DEBUG] [cpw.mods.modlauncher.TransformationServiceDecorator/MODLAUNCHER]: Initializing transformers for transformation service mixin
[20Jun2024 06:00:59.290] [main/DEBUG] [cpw.mods.modlauncher.TransformationServiceDecorator/MODLAUNCHER]: Initialized transformers for transformation service mixin
[20Jun2024 06:00:59.291] [main/DEBUG] [cpw.mods.modlauncher.TransformationServiceDecorator/MODLAUNCHER]: Initializing transformers for transformation service fml
[20Jun2024 06:00:59.291] [main/DEBUG] [net.minecraftforge.fml.loading.FMLServiceProvider/CORE]: Loading coremod transformers
[20Jun2024 06:00:59.291] [main/DEBUG] [net.minecraftforge.coremod.CoreModEngine/COREMOD]: Loading CoreMod from coremods/field_to_method.js
[20Jun2024 06:00:59.734] [main/DEBUG] [net.minecraftforge.coremod.CoreModEngine/COREMOD]: CoreMod loaded successfully
[20Jun2024 06:00:59.735] [main/DEBUG] [net.minecraftforge.coremod.CoreModEngine/COREMOD]: Loading CoreMod from coremods/field_to_instanceof.js
[20Jun2024 06:00:59.914] [main/DEBUG] [net.minecraftforge.coremod.CoreModEngine/COREMOD]: CoreMod loaded successfully
[20Jun2024 06:00:59.925] [main/DEBUG] [net.minecraftforge.coremod.CoreModEngine/COREMOD]: Loading CoreMod from coremods/add_bouncer_method.js
[20Jun2024 06:01:00.015] [main/DEBUG] [net.minecraftforge.coremod.CoreModEngine/COREMOD]: CoreMod loaded successfully
[20Jun2024 06:01:00.018] [main/DEBUG] [net.minecraftforge.coremod.CoreModEngine/COREMOD]: Loading CoreMod from coremods/registry_object_binary_compat.js
[20Jun2024 06:01:00.069] [main/DEBUG] [net.minecraftforge.coremod.CoreModEngine/COREMOD]: CoreMod loaded successfully
[20Jun2024 06:01:00.083] [main/DEBUG] [cpw.mods.modlauncher.TransformStore/MODLAUNCHER]: Adding transformer net.minecraftforge.coremod.transformer.CoreModClassTransformer@4ee5b2d9 to Target : CLASS {Lnet/minecraft/world/effect/MobEffectInstance;} {} {V}
[20Jun2024 06:01:00.084] [main/DEBUG] [cpw.mods.modlauncher.TransformStore/MODLAUNCHER]: Adding transformer net.minecraftforge.coremod.transformer.CoreModClassTransformer@7899de11 to Target : CLASS {Lnet/minecraft/world/level/block/LiquidBlock;} {} {V}
[20Jun2024 06:01:00.085] [main/DEBUG] [cpw.mods.modlauncher.TransformStore/MODLAUNCHER]: Adding transformer net.minecraftforge.coremod.transformer.CoreModClassTransformer@290d10ef to Target : CLASS {Lnet/minecraft/world/item/BucketItem;} {} {V}
[20Jun2024 06:01:00.085] [main/DEBUG] [cpw.mods.modlauncher.TransformStore/MODLAUNCHER]: Adding transformer net.minecraftforge.coremod.transformer.CoreModClassTransformer@1bc0d349 to Target : CLASS {Lnet/minecraft/world/level/block/StairBlock;} {} {V}
[20Jun2024 06:01:00.085] [main/DEBUG] [cpw.mods.modlauncher.TransformStore/MODLAUNCHER]: Adding transformer net.minecraftforge.coremod.transformer.CoreModClassTransformer@644ded04 to Target : CLASS {Lnet/minecraft/world/level/block/FlowerPotBlock;} {} {V}
[20Jun2024 06:01:00.085] [main/DEBUG] [cpw.mods.modlauncher.TransformStore/MODLAUNCHER]: Adding transformer net.minecraftforge.coremod.transformer.CoreModClassTransformer@5292ceca to Target : CLASS {Lnet/minecraft/world/item/ItemStack;} {} {V}
[20Jun2024 06:01:00.086] [main/DEBUG] [cpw.mods.modlauncher.TransformStore/MODLAUNCHER]: Adding transformer net.minecraftforge.coremod.transformer.CoreModClassTransformer@13d9261f to Target : CLASS {Lnet/minecraft/network/play/client/CClientSettingsPacket;} {} {V}
[20Jun2024 06:01:00.086] [main/DEBUG] [cpw.mods.modlauncher.TransformStore/MODLAUNCHER]: Adding transformer net.minecraftforge.coremod.transformer.CoreModClassTransformer@e9ef5b6 to Target : CLASS {Lnet/minecraftforge/registries/RegistryObject;} {} {V}
[20Jun2024 06:01:00.086] [main/DEBUG] [cpw.mods.modlauncher.TransformationServiceDecorator/MODLAUNCHER]: Initialized transformers for transformation service fml
[20Jun2024 06:01:01.835] [main/DEBUG] [mixin/]: Processing prepare() for PlatformAgent[MixinPlatformAgentDefault:ModLauncher Root Container(ModLauncher:4f56a0a2)]
[20Jun2024 06:01:01.836] [main/DEBUG] [mixin/]: Processing launch tasks for PlatformAgent[MixinPlatformAgentDefault:ModLauncher Root Container(ModLauncher:4f56a0a2)]
[20Jun2024 06:01:01.836] [main/DEBUG] [mixin/]: Adding mixin platform agents for container SecureJarResource(badpackets)
[20Jun2024 06:01:01.840] [main/DEBUG] [mixin/]: Instancing new MixinPlatformAgentMinecraftForge for SecureJarResource(badpackets)
[20Jun2024 06:01:01.840] [main/DEBUG] [mixin/]: MixinPlatformAgentMinecraftForge rejected container SecureJarResource(badpackets)
[20Jun2024 06:01:01.840] [main/DEBUG] [mixin/]: Instancing new MixinPlatformAgentDefault for SecureJarResource(badpackets)
[20Jun2024 06:01:01.840] [main/DEBUG] [mixin/]: MixinPlatformAgentDefault accepted container SecureJarResource(badpackets)
[20Jun2024 06:01:01.841] [main/DEBUG] [mixin/]: Processing prepare() for PlatformAgent[MixinPlatformAgentDefault:SecureJarResource(badpackets)]
[20Jun2024 06:01:01.841] [main/DEBUG] [mixin/]: Registering mixin config: badpackets.mixins.json
[20Jun2024 06:01:01.881] [main/DEBUG] [mixin/]: Adding mixin platform agents for container SecureJarResource(minecraft)
[20Jun2024 06:01:01.881] [main/DEBUG] [mixin/]: Instancing new MixinPlatformAgentMinecraftForge for SecureJarResource(minecraft)
[20Jun2024 06:01:01.881] [main/DEBUG] [mixin/]: MixinPlatformAgentMinecraftForge rejected container SecureJarResource(minecraft)
[20Jun2024 06:01:01.881] [main/DEBUG] [mixin/]: Instancing new MixinPlatformAgentDefault for SecureJarResource(minecraft)
[20Jun2024 06:01:01.881] [main/DEBUG] [mixin/]: MixinPlatformAgentDefault accepted container SecureJarResource(minecraft)
[20Jun2024 06:01:01.882] [main/DEBUG] [mixin/]: Processing prepare() for PlatformAgent[MixinPlatformAgentDefault:SecureJarResource(minecraft)]
[20Jun2024 06:01:01.882] [main/DEBUG] [mixin/]: Adding mixin platform agents for container SecureJarResource(betteranimalsplus)
[20Jun2024 06:01:01.886] [main/DEBUG] [mixin/]: Instancing new MixinPlatformAgentMinecraftForge for SecureJarResource(betteranimalsplus)
[20Jun2024 06:01:01.890] [main/DEBUG] [mixin/]: MixinPlatformAgentMinecraftForge rejected container SecureJarResource(betteranimalsplus)
[20Jun2024 06:01:01.890] [main/DEBUG] [mixin/]: Instancing new MixinPlatformAgentDefault for SecureJarResource(betteranimalsplus)
[20Jun2024 06:01:01.890] [main/DEBUG] [mixin/]: MixinPlatformAgentDefault accepted container SecureJarResource(betteranimalsplus)
[20Jun2024 06:01:01.890] [main/DEBUG] [mixin/]: Processing prepare() for PlatformAgent[MixinPlatformAgentDefault:SecureJarResource(betteranimalsplus)]
[20Jun2024 06:01:01.890] [main/DEBUG] [mixin/]: Registering mixin config: mixin.imdlib-betteranimalsplus.json
[20Jun2024 06:01:01.893] [main/DEBUG] [mixin/]: Compatibility level JAVA_17 specified by mixin.imdlib-betteranimalsplus.json is higher than the maximum level supported by this version of mixin (JAVA_13).
[20Jun2024 06:01:01.909] [main/INFO] [mixin/]: Compatibility level set to JAVA_17
[20Jun2024 06:01:01.911] [main/DEBUG] [mixin/]: Registering mixin config: betteranimalsplus.mixins.json
[20Jun2024 06:01:01.916] [main/DEBUG] [mixin/]: Registering mixin config: betteranimalsplus-forge.mixins.json
[20Jun2024 06:01:01.922] [main/DEBUG] [mixin/]: Adding mixin platform agents for container SecureJarResource(bettercombat)
[20Jun2024 06:01:01.923] [main/DEBUG] [mixin/]: Instancing new MixinPlatformAgentMinecraftForge for SecureJarResource(bettercombat)
[20Jun2024 06:01:01.923] [main/DEBUG] [mixin/]: MixinPlatformAgentMinecraftForge rejected container SecureJarResource(bettercombat)
[20Jun2024 06:01:01.923] [main/DEBUG] [mixin/]: Instancing new MixinPlatformAgentDefault for SecureJarResource(bettercombat)
[20Jun2024 06:01:01.924] [main/DEBUG] [mixin/]: MixinPlatformAgentDefault accepted container SecureJarResource(bettercombat)
[20Jun2024 06:01:01.924] [main/DEBUG] [mixin/]: Processing prepare() for PlatformAgent[MixinPlatformAgentDefault:SecureJarResource(bettercombat)]
[20Jun2024 06:01:01.928] [main/DEBUG] [mixin/]: Registering mixin config: bettercombat.mixins.json
[20Jun2024 06:01:01.930] [main/DEBUG] [mixin/]: Adding mixin platform agents for container SecureJarResource(bookshelf)
[20Jun2024 06:01:01.931] [main/DEBUG] [mixin/]: Instancing new MixinPlatformAgentMinecraftForge for SecureJarResource(bookshelf)
[20Jun2024 06:01:01.932] [main/DEBUG] [mixin/]: MixinPlatformAgentMinecraftForge rejected container SecureJarResource(bookshelf)
[20Jun2024 06:01:01.932] [main/DEBUG] [mixin/]: Instancing new MixinPlatformAgentDefault for SecureJarResource(bookshelf)
[20Jun2024 06:01:01.932] [main/DEBUG] [mixin/]: MixinPlatformAgentDefault accepted container SecureJarResource(bookshelf)
[20Jun2024 06:01:01.932] [main/DEBUG] [mixin/]: Processing prepare() for PlatformAgent[MixinPlatformAgentDefault:SecureJarResource(bookshelf)]
[20Jun2024 06:01:01.932] [main/DEBUG] [mixin/]: Registering mixin config: bookshelf.common.mixins.json
[20Jun2024 06:01:01.933] [main/DEBUG] [mixin/]: Registering mixin config: bookshelf.forge.mixins.json
[20Jun2024 06:01:01.936] [main/DEBUG] [mixin/]: Adding mixin platform agents for container SecureJarResource(biomesoplenty)
[20Jun2024 06:01:01.938] [main/DEBUG] [mixin/]: Instancing new MixinPlatformAgentMinecraftForge for SecureJarResource(biomesoplenty)
[20Jun2024 06:01:01.938] [main/DEBUG] [mixin/]: MixinPlatformAgentMinecraftForge rejected container SecureJarResource(biomesoplenty)
[20Jun2024 06:01:01.938] [main/DEBUG] [mixin/]: Instancing new MixinPlatformAgentDefault for SecureJarResource(biomesoplenty)
[20Jun2024 06:01:01.938] [main/DEBUG] [mixin/]: MixinPlatformAgentDefault accepted container SecureJarResource(biomesoplenty)
[20Jun2024 06:01:01.938] [main/DEBUG] [mixin/]: Processing prepare() for PlatformAgent[MixinPlatformAgentDefault:SecureJarResource(biomesoplenty)]
[20Jun2024 06:01:01.939] [main/DEBUG] [mixin/]: Adding mixin platform agents for container SecureJarResource(apotheosis)
[20Jun2024 06:01:01.939] [main/DEBUG] [mixin/]: Instancing new MixinPlatformAgentMinecraftForge for SecureJarResource(apotheosis)
[20Jun2024 06:01:01.939] [main/DEBUG] [mixin/]: MixinPlatformAgentMinecraftForge rejected container SecureJarResource(apotheosis)
[20Jun2024 06:01:01.939] [main/DEBUG] [mixin/]: Instancing new MixinPlatformAgentDefault for SecureJarResource(apotheosis)
[20Jun2024 06:01:01.939] [main/DEBUG] [mixin/]: MixinPlatformAgentDefault accepted container SecureJarResource(apotheosis)
[20Jun2024 06:01:01.939] [main/DEBUG] [mixin/]: Processing prepare() for PlatformAgent[MixinPlatformAgentDefault:SecureJarResource(apotheosis)]
[20Jun2024 06:01:01.939] [main/DEBUG] [mixin/]: Registering mixin config: apotheosis.mixins.json
[20Jun2024 06:01:01.942] [main/DEBUG] [mixin/]: Compatibility level JAVA_8 specified by apotheosis.mixins.json is lower than the default level supported by the current mixin service (JAVA_16).
[20Jun2024 06:01:01.944] [main/DEBUG] [mixin/]: Adding mixin platform agents for container SecureJarResource(architectury)
[20Jun2024 06:01:01.944] [main/DEBUG] [mixin/]: Instancing new MixinPlatformAgentMinecraftForge for SecureJarResource(architectury)
[20Jun2024 06:01:01.944] [main/DEBUG] [mixin/]: MixinPlatformAgentMinecraftForge rejected container SecureJarResource(architectury)
[20Jun2024 06:01:01.944] [main/DEBUG] [mixin/]: Instancing new MixinPlatformAgentDefault for SecureJarResource(architectury)
[20Jun2024 06:01:01.944] [main/DEBUG] [mixin/]: MixinPlatformAgentDefault accepted container SecureJarResource(architectury)
[20Jun2024 06:01:01.944] [main/DEBUG] [mixin/]: Processing prepare() for PlatformAgent[MixinPlatformAgentDefault:SecureJarResource(architectury)]
[20Jun2024 06:01:01.945] [main/DEBUG] [mixin/]: Registering mixin config: architectury.mixins.json
[20Jun2024 06:01:01.946] [main/DEBUG] [mixin/]: Compatibility level JAVA_16 specified by architectury.mixins.json is higher than the maximum level supported by this version of mixin (JAVA_13).
[20Jun2024 06:01:01.947] [main/DEBUG] [mixin/]: Registering mixin config: architectury-common.mixins.json
[20Jun2024 06:01:01.948] [main/DEBUG] [mixin/]: Compatibility level JAVA_16 specified by architectury-common.mixins.json is higher than the maximum level supported by this version of mixin (JAVA_13).
[20Jun2024 06:01:01.953] [main/DEBUG] [mixin/]: Adding mixin platform agents for container SecureJarResource(balm)
[20Jun2024 06:01:01.953] [main/DEBUG] [mixin/]: Instancing new MixinPlatformAgentMinecraftForge for SecureJarResource(balm)
[20Jun2024 06:01:01.953] [main/DEBUG] [mixin/]: MixinPlatformAgentMinecraftForge rejected container SecureJarResource(balm)
[20Jun2024 06:01:01.953] [main/DEBUG] [mixin/]: Instancing new MixinPlatformAgentDefault for SecureJarResource(balm)
[20Jun2024 06:01:01.954] [main/DEBUG] [mixin/]: MixinPlatformAgentDefault accepted container SecureJarResource(balm)
[20Jun2024 06:01:01.954] [main/DEBUG] [mixin/]: Processing prepare() for PlatformAgent[MixinPlatformAgentDefault:SecureJarResource(balm)]
[20Jun2024 06:01:01.954] [main/DEBUG] [mixin/]: Registering mixin config: balm.mixins.json
[20Jun2024 06:01:01.956] [main/DEBUG] [mixin/]: Adding mixin platform agents for container SecureJarResource(aquaculture)
[20Jun2024 06:01:01.962] [main/DEBUG] [mixin/]: Instancing new MixinPlatformAgentMinecraftForge for SecureJarResource(aquaculture)
[20Jun2024 06:01:01.962] [main/DEBUG] [mixin/]: MixinPlatformAgentMinecraftForge rejected container SecureJarResource(aquaculture)
[20Jun2024 06:01:01.962] [main/DEBUG] [mixin/]: Instancing new MixinPlatformAgentDefault for SecureJarResource(aquaculture)
[20Jun2024 06:01:01.962] [main/DEBUG] [mixin/]: MixinPlatformAgentDefault accepted container SecureJarResource(aquaculture)
[20Jun2024 06:01:01.962] [main/DEBUG] [mixin/]: Processing prepare() for PlatformAgent[MixinPlatformAgentDefault:SecureJarResource(aquaculture)]
[20Jun2024 06:01:01.962] [main/DEBUG] [mixin/]: Adding mixin platform agents for container SecureJarResource(carryon)
[20Jun2024 06:01:01.963] [main/DEBUG] [mixin/]: Instancing new MixinPlatformAgentMinecraftForge for SecureJarResource(carryon)
[20Jun2024 06:01:01.963] [main/DEBUG] [mixin/]: MixinPlatformAgentMinecraftForge rejected container SecureJarResource(carryon)
[20Jun2024 06:01:01.963] [main/DEBUG] [mixin/]: Instancing new MixinPlatformAgentDefault for SecureJarResource(carryon)
[20Jun2024 06:01:01.963] [main/DEBUG] [mixin/]: MixinPlatformAgentDefault accepted container SecureJarResource(carryon)
[20Jun2024 06:01:01.964] [main/DEBUG] [mixin/]: Processing prepare() for PlatformAgent[MixinPlatformAgentDefault:SecureJarResource(carryon)]
[20Jun2024 06:01:01.964] [main/DEBUG] [mixin/]: Adding mixin platform agents for container SecureJarResource(forge)
[20Jun2024 06:01:01.964] [main/DEBUG] [mixin/]: Instancing new MixinPlatformAgentMinecraftForge for SecureJarResource(forge)
[20Jun2024 06:01:01.965] [main/DEBUG] [mixin/]: MixinPlatformAgentMinecraftForge rejected container SecureJarResource(forge)
[20Jun2024 06:01:01.965] [main/DEBUG] [mixin/]: Instancing new MixinPlatformAgentDefault for SecureJarResource(forge)
[20Jun2024 06:01:01.965] [main/DEBUG] [mixin/]: MixinPlatformAgentDefault accepted container SecureJarResource(forge)
[20Jun2024 06:01:01.965] [main/DEBUG] [mixin/]: Processing prepare() for PlatformAgent[MixinPlatformAgentDefault:SecureJarResource(forge)]
[20Jun2024 06:01:01.965] [main/DEBUG] [mixin/]: Adding mixin platform agents for container SecureJarResource(appletreesrev)
[20Jun2024 06:01:01.965] [main/DEBUG] [mixin/]: Instancing new MixinPlatformAgentMinecraftForge for SecureJarResource(appletreesrev)
[20Jun2024 06:01:01.965] [main/DEBUG] [mixin/]: MixinPlatformAgentMinecraftForge rejected container SecureJarResource(appletreesrev)
[20Jun2024 06:01:01.965] [main/DEBUG] [mixin/]: Instancing new MixinPlatformAgentDefault for SecureJarResource(appletreesrev)
[20Jun2024 06:01:01.966] [main/DEBUG] [mixin/]: MixinPlatformAgentDefault accepted container SecureJarResource(appletreesrev)
[20Jun2024 06:01:01.966] [main/DEBUG] [mixin/]: Processing prepare() for PlatformAgent[MixinPlatformAgentDefault:SecureJarResource(appletreesrev)]
[20Jun2024 06:01:01.966] [main/DEBUG] [mixin/]: Adding mixin platform agents for container SecureJarResource(autoreglib)
[20Jun2024 06:01:01.966] [main/DEBUG] [mixin/]: Instancing new MixinPlatformAgentMinecraftForge for SecureJarResource(autoreglib)
[20Jun2024 06:01:01.966] [main/DEBUG] [mixin/]: MixinPlatformAgentMinecraftForge rejected container SecureJarResource(autoreglib)
[20Jun2024 06:01:01.966] [main/DEBUG] [mixin/]: Instancing new MixinPlatformAgentDefault for SecureJarResource(autoreglib)
[20Jun2024 06:01:01.966] [main/DEBUG] [mixin/]: MixinPlatformAgentDefault accepted container SecureJarResource(autoreglib)
[20Jun2024 06:01:01.967] [main/DEBUG] [mixin/]: Processing prepare() for PlatformAgent[MixinPlatformAgentDefault:SecureJarResource(autoreglib)]
[20Jun2024 06:01:01.967] [main/DEBUG] [mixin/]: Adding mixin platform agents for container SecureJarResource(citadel)
[20Jun2024 06:01:01.977] [main/DEBUG] [mixin/]: Instancing new MixinPlatformAgentMinecraftForge for SecureJarResource(citadel)
[20Jun2024 06:01:01.977] [main/DEBUG] [mixin/]: MixinPlatformAgentMinecraftForge rejected container SecureJarResource(citadel)
[20Jun2024 06:01:01.977] [main/DEBUG] [mixin/]: Instancing new MixinPlatformAgentDefault for SecureJarResource(citadel)
[20Jun2024 06:01:01.977] [main/DEBUG] [mixin/]: MixinPlatformAgentDefault accepted container SecureJarResource(citadel)
[20Jun2024 06:01:01.977] [main/DEBUG] [mixin/]: Processing prepare() for PlatformAgent[MixinPlatformAgentDefault:SecureJarResource(citadel)]
[20Jun2024 06:01:01.977] [main/DEBUG] [mixin/]: Registering mixin config: citadel.mixins.json
[20Jun2024 06:01:01.979] [main/DEBUG] [mixin/]: Adding mixin platform agents for container SecureJarResource(artifacts)
[20Jun2024 06:01:01.979] [main/DEBUG] [mixin/]: Instancing new MixinPlatformAgentMinecraftForge for SecureJarResource(artifacts)
[20Jun2024 06:01:01.979] [main/DEBUG] [mixin/]: MixinPlatformAgentMinecraftForge rejected container SecureJarResource(artifacts)
[20Jun2024 06:01:01.980] [main/DEBUG] [mixin/]: Instancing new MixinPlatformAgentDefault for SecureJarResource(artifacts)
[20Jun2024 06:01:01.980] [main/DEBUG] [mixin/]: MixinPlatformAgentDefault accepted container SecureJarResource(artifacts)
[20Jun2024 06:01:01.980] [main/DEBUG] [mixin/]: Processing prepare() for PlatformAgent[MixinPlatformAgentDefault:SecureJarResource(artifacts)]
[20Jun2024 06:01:01.981] [main/DEBUG] [mixin/]: Registering mixin config: mixins.artifacts.json
[20Jun2024 06:01:01.983] [main/DEBUG] [mixin/]: Compatibility level JAVA_8 specified by mixins.artifacts.json is lower than the default level supported by the current mixin service (JAVA_16).
[20Jun2024 06:01:01.985] [main/DEBUG] [mixin/]: inject() running with 17 agents
[20Jun2024 06:01:01.985] [main/DEBUG] [mixin/]: Processing inject() for PlatformAgent[MixinPlatformAgentDefault:ModLauncher Root Container(ModLauncher:4f56a0a2)]
[20Jun2024 06:01:01.985] [main/DEBUG] [mixin/]: Processing inject() for PlatformAgent[MixinPlatformAgentDefault:SecureJarResource(badpackets)]
[20Jun2024 06:01:01.985] [main/DEBUG] [mixin/]: Processing inject() for PlatformAgent[MixinPlatformAgentDefault:SecureJarResource(minecraft)]
[20Jun2024 06:01:01.986] [main/DEBUG] [mixin/]: Processing inject() for PlatformAgent[MixinPlatformAgentDefault:SecureJarResource(betteranimalsplus)]
[20Jun2024 06:01:01.987] [main/DEBUG] [mixin/]: Processing inject() for PlatformAgent[MixinPlatformAgentDefault:SecureJarResource(bettercombat)]
[20Jun2024 06:01:01.987] [main/DEBUG] [mixin/]: Processing inject() for PlatformAgent[MixinPlatformAgentDefault:SecureJarResource(bookshelf)]
[20Jun2024 06:01:01.987] [main/DEBUG] [mixin/]: Processing inject() for PlatformAgent[MixinPlatformAgentDefault:SecureJarResource(biomesoplenty)]
[20Jun2024 06:01:01.989] [main/DEBUG] [mixin/]: Processing inject() for PlatformAgent[MixinPlatformAgentDefault:SecureJarResource(apotheosis)]
[20Jun2024 06:01:01.989] [main/DEBUG] [mixin/]: Processing inject() for PlatformAgent[MixinPlatformAgentDefault:SecureJarResource(architectury)]
[20Jun2024 06:01:01.990] [main/DEBUG] [mixin/]: Processing inject() for PlatformAgent[MixinPlatformAgentDefault:SecureJarResource(balm)]
[20Jun2024 06:01:01.990] [main/DEBUG] [mixin/]: Processing inject() for PlatformAgent[MixinPlatformAgentDefault:SecureJarResource(aquaculture)]
[20Jun2024 06:01:01.990] [main/DEBUG] [mixin/]: Processing inject() for PlatformAgent[MixinPlatformAgentDefault:SecureJarResource(carryon)]
[20Jun2024 06:01:01.991] [main/DEBUG] [mixin/]: Processing inject() for PlatformAgent[MixinPlatformAgentDefault:SecureJarResource(forge)]
[20Jun2024 06:01:01.991] [main/DEBUG] [mixin/]: Processing inject() for PlatformAgent[MixinPlatformAgentDefault:SecureJarResource(appletreesrev)]
[20Jun2024 06:01:01.991] [main/DEBUG] [mixin/]: Processing inject() for PlatformAgent[MixinPlatformAgentDefault:SecureJarResource(autoreglib)]
[20Jun2024 06:01:01.991] [main/DEBUG] [mixin/]: Processing inject() for PlatformAgent[MixinPlatformAgentDefault:SecureJarResource(citadel)]
[20Jun2024 06:01:01.991] [main/DEBUG] [mixin/]: Processing inject() for PlatformAgent[MixinPlatformAgentDefault:SecureJarResource(artifacts)]
[20Jun2024 06:01:01.993] [main/INFO] [cpw.mods.modlauncher.LaunchServiceHandler/MODLAUNCHER]: Launching target 'forgeserver' with arguments []
[20Jun2024 06:01:02.031] [main/DEBUG] [mixin/]: Error cleaning class output directory: .mixin.out
[20Jun2024 06:01:02.034] [main/DEBUG] [mixin/]: Preparing mixins for MixinEnvironment[DEFAULT]
[20Jun2024 06:01:02.035] [main/DEBUG] [mixin/]: Selecting config badpackets.mixins.json
[20Jun2024 06:01:02.039] [main/DEBUG] [mixin/]: Selecting config mixin.imdlib-betteranimalsplus.json
[20Jun2024 06:01:02.058] [main/DEBUG] [mixin/]: Selecting config betteranimalsplus.mixins.json
[20Jun2024 06:01:02.060] [main/DEBUG] [mixin/]: Selecting config betteranimalsplus-forge.mixins.json
[20Jun2024 06:01:02.062] [main/DEBUG] [mixin/]: Selecting config bettercombat.mixins.json
[20Jun2024 06:01:02.078] [main/DEBUG] [mixin/]: Selecting config bookshelf.common.mixins.json
[20Jun2024 06:01:02.081] [main/DEBUG] [mixin/]: Selecting config bookshelf.forge.mixins.json
[20Jun2024 06:01:02.084] [main/DEBUG] [mixin/]: Selecting config apotheosis.mixins.json
[20Jun2024 06:01:02.087] [main/DEBUG] [mixin/]: Selecting config architectury.mixins.json
[20Jun2024 06:01:02.090] [main/DEBUG] [mixin/]: Selecting config architectury-common.mixins.json
[20Jun2024 06:01:02.096] [main/DEBUG] [mixin/]: Selecting config balm.mixins.json
[20Jun2024 06:01:02.099] [main/DEBUG] [mixin/]: Selecting config citadel.mixins.json
[20Jun2024 06:01:02.101] [main/DEBUG] [mixin/]: Selecting config mixins.artifacts.json
[20Jun2024 06:01:02.115] [main/DEBUG] [mixin/]: Preparing badpackets.mixins.json (3)
[20Jun2024 06:01:02.240] [main/DEBUG] [mixin/]: Preparing mixin.imdlib-betteranimalsplus.json (5)
[20Jun2024 06:01:02.269] [main/DEBUG] [mixin/]: Preparing betteranimalsplus.mixins.json (7)
[20Jun2024 06:01:02.304] [main/DEBUG] [mixin/]: Preparing betteranimalsplus-forge.mixins.json (1)
[20Jun2024 06:01:02.314] [main/DEBUG] [mixin/]: Preparing bettercombat.mixins.json (16)
[20Jun2024 06:01:02.330] [main/DEBUG] [mixin/]: Preparing bookshelf.common.mixins.json (18)
[20Jun2024 06:01:02.348] [main/DEBUG] [net.minecraftforge.coremod.transformer.CoreModBaseTransformer/COREMOD]: Transforming net/minecraft/world/effect/MobEffectInstance
[20Jun2024 06:01:02.498] [main/DEBUG] [mixin/]: Preparing bookshelf.forge.mixins.json (1)
[20Jun2024 06:01:02.503] [main/DEBUG] [mixin/]: Preparing apotheosis.mixins.json (25)
[20Jun2024 06:01:02.547] [main/WARN] [mixin/]: Error loading class: net/silentchaos512/gear/item/gear/GearCrossbowItem (java.lang.ClassNotFoundException: net.silentchaos512.gear.item.gear.GearCrossbowItem)
[20Jun2024 06:01:02.549] [main/DEBUG] [mixin/]: Skipping virtual target net.silentchaos512.gear.item.gear.GearCrossbowItem for apotheosis.mixins.json:GearCrossbowMixin
[20Jun2024 06:01:02.630] [main/DEBUG] [net.minecraftforge.coremod.transformer.CoreModBaseTransformer/COREMOD]: Transforming net/minecraft/world/item/ItemStack
[20Jun2024 06:01:02.691] [main/WARN] [mixin/]: Error loading class: net/minecraft/world/item/ItemStack (java.lang.IllegalArgumentException: Unsupported class file major version 65)
[20Jun2024 06:01:02.696] [main/WARN] [mixin/]: @Mixin target net.minecraft.world.item.ItemStack was not found apotheosis.mixins.json:ItemStackMixin
[20Jun2024 06:01:02.715] [main/DEBUG] [mixin/]: Preparing architectury.mixins.json (9)
[20Jun2024 06:01:02.728] [main/DEBUG] [mixin/]: Preparing architectury-common.mixins.json (9)
[20Jun2024 06:01:02.742] [main/DEBUG] [net.minecraftforge.coremod.transformer.CoreModBaseTransformer/COREMOD]: Transforming net/minecraft/world/item/BucketItem
[20Jun2024 06:01:02.786] [main/DEBUG] [net.minecraftforge.coremod.transformer.CoreModBaseTransformer/COREMOD]: Transforming net/minecraft/world/level/block/LiquidBlock
[20Jun2024 06:01:02.821] [main/DEBUG] [mixin/]: Preparing balm.mixins.json (15)
[20Jun2024 06:01:02.886] [main/DEBUG] [mixin/]: Preparing citadel.mixins.json (5)
[20Jun2024 06:01:02.896] [main/DEBUG] [mixin/]: Preparing mixins.artifacts.json (8)
[20Jun2024 06:01:02.961] [main/DEBUG] [mixin/]: Registering new injector for @Inject with org.spongepowered.asm.mixin.injection.struct.CallbackInjectionInfo
[20Jun2024 06:01:02.964] [main/DEBUG] [mixin/]: Registering new injector for @ModifyArg with org.spongepowered.asm.mixin.injection.struct.ModifyArgInjectionInfo
[20Jun2024 06:01:02.966] [main/DEBUG] [mixin/]: Registering new injector for @ModifyArgs with org.spongepowered.asm.mixin.injection.struct.ModifyArgsInjectionInfo
[20Jun2024 06:01:02.970] [main/DEBUG] [mixin/]: Registering new injector for @Redirect with org.spongepowered.asm.mixin.injection.struct.RedirectInjectionInfo
[20Jun2024 06:01:02.972] [main/DEBUG] [mixin/]: Registering new injector for @ModifyVariable with org.spongepowered.asm.mixin.injection.struct.ModifyVariableInjectionInfo
[20Jun2024 06:01:02.973] [main/DEBUG] [mixin/]: Registering new injector for @ModifyConstant with org.spongepowered.asm.mixin.injection.struct.ModifyConstantInjectionInfo
[20Jun2024 06:01:02.990] [main/WARN] [mixin/]: Error loading class: java/util/Map$Entry (java.lang.IllegalArgumentException: Unsupported class file major version 65)
[20Jun2024 06:01:02.990] [main/WARN] [mixin/]: Error loading class: java/lang/invoke/MethodHandles$Lookup (java.lang.IllegalArgumentException: Unsupported class file major version 65)
[20Jun2024 06:01:03.013] [main/WARN] [mixin/]: Error loading class: java/lang/invoke/MethodHandles$Lookup (java.lang.IllegalArgumentException: Unsupported class file major version 65)
[20Jun2024 06:01:03.014] [main/WARN] [mixin/]: Error loading class: java/lang/invoke/MethodHandles$Lookup (java.lang.IllegalArgumentException: Unsupported class file major version 65)
[20Jun2024 06:01:03.022] [main/DEBUG] [mixin/]: Prepared 78 mixins in 0.985 sec (12.6ms avg) (0ms load, 0ms transform, 0ms plugin)
[20Jun2024 06:01:03.036] [main/DEBUG] [mixin/]: Mixing MinecraftServerMixin from balm.mixins.json into net.minecraft.server.MinecraftServer
[20Jun2024 06:01:03.048] [main/DEBUG] [mixin/]: Renaming synthetic method lambda$reloadResources$0(Ljava/lang/Void;)V to md42866a$lambda$reloadResources$0$0 in balm.mixins.json:MinecraftServerMixin
[20Jun2024 06:01:03.060] [main/WARN] [mixin/]: Error loading class: java/util/concurrent/CompletableFuture (java.lang.IllegalArgumentException: Unsupported class file major version 65)
